<?xml version="1.0" encoding="UTF-8"?>
<!-- Generated by org.testng.reporters.JUnitXMLReporter -->
<testsuite ignored="16" hostname="TestMachine" failures="0" tests="6" name="Test" time="172.306" errors="0" timestamp="2024-07-18T15:52:06 CEST">
  <testcase classname="Generic_Utilities.BaseClass" name="@AfterClass afterClassMethod" time="0.019">
    <failure type="org.openqa.selenium.UnhandledAlertException" message="unexpected alert open: {Alert text : undefined}
  (Session info: chrome=126.0.6478.182): undefined
Build info: version: &amp;apos;4.21.0&amp;apos;, revision: &amp;apos;79ed462ef4&amp;apos;
System info: os.name: &amp;apos;Windows 11&amp;apos;, os.arch: &amp;apos;amd64&amp;apos;, os.version: &amp;apos;10.0&amp;apos;, java.version: &amp;apos;17.0.10&amp;apos;
Driver info: org.openqa.selenium.chrome.ChromeDriver
Command: [3454c34e0cdca49cedb1fccd71b9a460, close {}]
Capabilities {acceptInsecureCerts: false, browserName: chrome, browserVersion: 126.0.6478.182, chrome: {chromedriverVersion: 126.0.6478.182 (5b5d8292ddf..., userDataDir: C:\Users\scrap\AppData\Loca...}, fedcm:accounts: true, goog:chromeOptions: {debuggerAddress: localhost:56964}, networkConnectionEnabled: false, pageLoadStrategy: normal, platformName: windows, proxy: Proxy(), se:cdp: ws://localhost:56964/devtoo..., se:cdpVersion: 126.0.6478.182, setWindowRect: true, strictFileInteractability: false, timeouts: {implicit: 0, pageLoad: 300000, script: 30000}, unhandledPromptBehavior: dismiss and notify, webauthn:extension:credBlob: true, webauthn:extension:largeBlob: true, webauthn:extension:minPinLength: true, webauthn:extension:prf: true, webauthn:virtualAuthenticators: true}
Session ID: 3454c34e0cdca49cedb1fccd71b9a460">
      <![CDATA[org.openqa.selenium.UnhandledAlertException: unexpected alert open: {Alert text : undefined}
  (Session info: chrome=126.0.6478.182): undefined
Build info: version: '4.21.0', revision: '79ed462ef4'
System info: os.name: 'Windows 11', os.arch: 'amd64', os.version: '10.0', java.version: '17.0.10'
Driver info: org.openqa.selenium.chrome.ChromeDriver
Command: [3454c34e0cdca49cedb1fccd71b9a460, close {}]
Capabilities {acceptInsecureCerts: false, browserName: chrome, browserVersion: 126.0.6478.182, chrome: {chromedriverVersion: 126.0.6478.182 (5b5d8292ddf..., userDataDir: C:\Users\scrap\AppData\Loca...}, fedcm:accounts: true, goog:chromeOptions: {debuggerAddress: localhost:56964}, networkConnectionEnabled: false, pageLoadStrategy: normal, platformName: windows, proxy: Proxy(), se:cdp: ws://localhost:56964/devtoo..., se:cdpVersion: 126.0.6478.182, setWindowRect: true, strictFileInteractability: false, timeouts: {implicit: 0, pageLoad: 300000, script: 30000}, unhandledPromptBehavior: dismiss and notify, webauthn:extension:credBlob: true, webauthn:extension:largeBlob: true, webauthn:extension:minPinLength: true, webauthn:extension:prf: true, webauthn:virtualAuthenticators: true}
Session ID: 3454c34e0cdca49cedb1fccd71b9a460
at org.openqa.selenium.remote.codec.w3c.W3CHttpResponseCodec.decode(W3CHttpResponseCodec.java:136)
at org.openqa.selenium.remote.codec.w3c.W3CHttpResponseCodec.decode(W3CHttpResponseCodec.java:50)
at org.openqa.selenium.remote.HttpCommandExecutor.execute(HttpCommandExecutor.java:190)
at org.openqa.selenium.remote.service.DriverCommandExecutor.invokeExecute(DriverCommandExecutor.java:216)
at org.openqa.selenium.remote.service.DriverCommandExecutor.execute(DriverCommandExecutor.java:174)
at org.openqa.selenium.remote.RemoteWebDriver.execute(RemoteWebDriver.java:518)
at org.openqa.selenium.remote.RemoteWebDriver.execute(RemoteWebDriver.java:591)
at org.openqa.selenium.remote.RemoteWebDriver.execute(RemoteWebDriver.java:595)
at org.openqa.selenium.remote.RemoteWebDriver.close(RemoteWebDriver.java:405)
at Generic_Utilities.BaseClass.afterClassMethod(BaseClass.java:100)
at java.base/java.util.ArrayList.forEach(ArrayList.java:1511)
... Removed 25 stack frames]]>
    </failure>
  </testcase> <!-- @AfterClass afterClassMethod -->
  <testcase classname="Campaign.CreateCampaignTest" name="createCampaignTest" time="33.297"/>
  <testcase classname="Campaign.CreateCampaignWithProductTest" name="createCampaignWithProductTest" time="30.671"/>
  <testcase classname="Organization.CreateOrganizationTest" name="CreateOrganizationTest" time="16.392"/>
  <testcase classname="Organization.CreateOrganizationTest" name="TestRegional" time="0.002"/>
  <testcase classname="Product.CreateProductTest" name="CreateProductTest" time="17.542"/>
  <testcase classname="Product.CreateAndDeleteProductTest" name="CreateAndDeleteProductTest" time="16.698"/>
  <testcase classname="Generic_Utilities.BaseClass" name="@AfterTest afterTestMethod" time="0.0">
    <ignored/>
  </testcase> <!-- @AfterTest afterTestMethod -->
  <testcase classname="Generic_Utilities.BaseClass" name="@AfterTest afterTestMethod" time="0.0">
    <ignored/>
  </testcase> <!-- @AfterTest afterTestMethod -->
  <testcase classname="Generic_Utilities.BaseClass" name="@AfterTest afterTestMethod" time="0.0">
    <ignored/>
  </testcase> <!-- @AfterTest afterTestMethod -->
  <testcase classname="Generic_Utilities.BaseClass" name="@AfterTest afterTestMethod" time="0.0">
    <ignored/>
  </testcase> <!-- @AfterTest afterTestMethod -->
  <testcase classname="Generic_Utilities.BaseClass" name="@AfterSuite afterSuiteMethod" time="0.0">
    <ignored/>
  </testcase> <!-- @AfterSuite afterSuiteMethod -->
  <testcase classname="Generic_Utilities.BaseClass" name="@AfterSuite afterSuiteMethod" time="0.0">
    <ignored/>
  </testcase> <!-- @AfterSuite afterSuiteMethod -->
  <testcase classname="Generic_Utilities.BaseClass" name="@AfterSuite afterSuiteMethod" time="0.0">
    <ignored/>
  </testcase> <!-- @AfterSuite afterSuiteMethod -->
  <testcase classname="Generic_Utilities.BaseClass" name="@AfterSuite afterSuiteMethod" time="0.0">
    <ignored/>
  </testcase> <!-- @AfterSuite afterSuiteMethod -->
  <testcase classname="Generic_Utilities.BaseClass" name="@BeforeSuite beforeSuiteMethod" time="0.0">
    <ignored/>
  </testcase> <!-- @BeforeSuite beforeSuiteMethod -->
  <testcase classname="Generic_Utilities.BaseClass" name="@BeforeSuite beforeSuiteMethod" time="0.0">
    <ignored/>
  </testcase> <!-- @BeforeSuite beforeSuiteMethod -->
  <testcase classname="Generic_Utilities.BaseClass" name="@BeforeSuite beforeSuiteMethod" time="0.0">
    <ignored/>
  </testcase> <!-- @BeforeSuite beforeSuiteMethod -->
  <testcase classname="Generic_Utilities.BaseClass" name="@BeforeSuite beforeSuiteMethod" time="0.0">
    <ignored/>
  </testcase> <!-- @BeforeSuite beforeSuiteMethod -->
  <testcase classname="Generic_Utilities.BaseClass" name="@BeforeTest beforeTestMethod" time="0.0">
    <ignored/>
  </testcase> <!-- @BeforeTest beforeTestMethod -->
  <testcase classname="Generic_Utilities.BaseClass" name="@BeforeTest beforeTestMethod" time="0.0">
    <ignored/>
  </testcase> <!-- @BeforeTest beforeTestMethod -->
  <testcase classname="Generic_Utilities.BaseClass" name="@BeforeTest beforeTestMethod" time="0.0">
    <ignored/>
  </testcase> <!-- @BeforeTest beforeTestMethod -->
  <testcase classname="Generic_Utilities.BaseClass" name="@BeforeTest beforeTestMethod" time="0.0">
    <ignored/>
  </testcase> <!-- @BeforeTest beforeTestMethod -->
</testsuite> <!-- Test -->
